mode: set
github.com/toky03/jwt-auth-handler/service.go:16.74,17.34 1 1
github.com/toky03/jwt-auth-handler/service.go:20.2,23.8 1 1
github.com/toky03/jwt-auth-handler/service.go:17.34,19.3 1 1
github.com/toky03/jwt-auth-handler/service.go:27.64,29.16 2 1
github.com/toky03/jwt-auth-handler/service.go:33.2,34.34 2 1
github.com/toky03/jwt-auth-handler/service.go:37.2,37.15 1 1
github.com/toky03/jwt-auth-handler/service.go:29.16,31.3 1 0
github.com/toky03/jwt-auth-handler/service.go:34.34,36.3 1 1
github.com/toky03/jwt-auth-handler/service.go:40.65,43.16 2 1
github.com/toky03/jwt-auth-handler/service.go:46.2,50.16 4 1
github.com/toky03/jwt-auth-handler/service.go:54.2,58.29 5 1
github.com/toky03/jwt-auth-handler/service.go:64.2,64.16 1 1
github.com/toky03/jwt-auth-handler/service.go:68.2,69.18 2 1
github.com/toky03/jwt-auth-handler/service.go:43.16,45.3 1 0
github.com/toky03/jwt-auth-handler/service.go:50.16,52.3 1 0
github.com/toky03/jwt-auth-handler/service.go:58.29,60.3 1 0
github.com/toky03/jwt-auth-handler/service.go:60.8,62.3 1 1
github.com/toky03/jwt-auth-handler/service.go:64.16,66.3 1 0
github.com/toky03/jwt-auth-handler/adapter.go:9.56,20.2 6 1
github.com/toky03/jwt-auth-handler/handler.go:12.78,14.23 1 1
github.com/toky03/jwt-auth-handler/handler.go:17.2,17.71 1 1
github.com/toky03/jwt-auth-handler/handler.go:14.23,15.52 1 0
github.com/toky03/jwt-auth-handler/handler.go:17.71,19.27 2 1
github.com/toky03/jwt-auth-handler/handler.go:19.27,22.4 2 1
github.com/toky03/jwt-auth-handler/handler.go:22.9,28.35 4 1
github.com/toky03/jwt-auth-handler/handler.go:42.4,42.18 1 1
github.com/toky03/jwt-auth-handler/handler.go:28.35,29.99 1 1
github.com/toky03/jwt-auth-handler/handler.go:35.5,35.20 1 1
github.com/toky03/jwt-auth-handler/handler.go:29.99,30.60 1 1
github.com/toky03/jwt-auth-handler/handler.go:33.6,33.25 1 1
github.com/toky03/jwt-auth-handler/handler.go:30.60,32.7 1 0
github.com/toky03/jwt-auth-handler/handler.go:35.20,36.11 1 1
github.com/toky03/jwt-auth-handler/handler.go:37.11,39.6 1 0
github.com/toky03/jwt-auth-handler/handler.go:42.18,44.5 1 1
github.com/toky03/jwt-auth-handler/handler.go:44.10,48.5 3 0
